<?xml version="1.0" encoding="UTF-8"?>
<testsuite name="testing.AssetTests" tests="1" skipped="0" failures="0" errors="0" timestamp="2023-02-27T15:36:42" hostname="TRASHTOP" time="0.004">
  <properties/>
  <testcase name="testPlayerAtlasAssetExists" classname="testing.AssetTests" time="0.004"/>
  <system-out><![CDATA[]]></system-out>
  <system-err><![CDATA[]]></system-err>
</testsuite>
