<?xml version="1.0" encoding="UTF-8"?>
<testsuite name="testing.InteractionTest" tests="21" skipped="0" failures="0" errors="0" timestamp="2023-03-24T16:33:43" hostname="AB-ASUS-1" time="0.333">
  <properties/>
  <testcase name="PantryTestOnion" classname="testing.InteractionTest" time="0.001"/>
  <testcase name="TestServingStationGetAndSetCustomer" classname="testing.InteractionTest" time="0.0"/>
  <testcase name="PantryTestTopBunThenBottom" classname="testing.InteractionTest" time="0.0"/>
  <testcase name="PantryTestLettuce" classname="testing.InteractionTest" time="0.0"/>
  <testcase name="PantryTestbottomBun" classname="testing.InteractionTest" time="0.0"/>
  <testcase name="TestPutDownItem" classname="testing.InteractionTest" time="0.001"/>
  <testcase name="TestPreparationStationCutTomato" classname="testing.InteractionTest" time="0.0"/>
  <testcase name="TestPreparationStationCookMeat" classname="testing.InteractionTest" time="0.0"/>
  <testcase name="TestUsePantryandLettuceChop" classname="testing.InteractionTest" time="0.0"/>
  <testcase name="TestPickUpItem" classname="testing.InteractionTest" time="0.001"/>
  <testcase name="TestGetInputKey" classname="testing.InteractionTest" time="0.0"/>
  <testcase name="TestPreparationStationCutLettuce" classname="testing.InteractionTest" time="0.0"/>
  <testcase name="TestPreparationStationCutOnion" classname="testing.InteractionTest" time="0.0"/>
  <testcase name="TestCounterCanHoldMultiple" classname="testing.InteractionTest" time="0.001"/>
  <testcase name="PantryTestTomato" classname="testing.InteractionTest" time="0.0"/>
  <testcase name="PantryTestTopBun" classname="testing.InteractionTest" time="0.001"/>
  <testcase name="PantryTestMeat" classname="testing.InteractionTest" time="0.0"/>
  <testcase name="TestStackOnPreparationStation" classname="testing.InteractionTest" time="0.0"/>
  <testcase name="TestPlayerItemStack" classname="testing.InteractionTest" time="0.0"/>
  <testcase name="TestBinStationGetsRidOfItem" classname="testing.InteractionTest" time="0.0"/>
  <testcase name="TestGetInputType" classname="testing.InteractionTest" time="0.0"/>
  <system-out><![CDATA[peek
peek
peek
peek
peek
peek
peek
peek
peek
peek
peek
peek
peek
peek
peek
peek
Im interacting with a counter
187.5
150.0
20.0
20.0
Im interacting with a counter
187.5
150.0
20.0
20.0
Im interacting with a counter
187.5
150.0
20.0
20.0
peek
peek
peek
peek
peek
peek
peek
]]></system-out>
  <system-err><![CDATA[]]></system-err>
</testsuite>
