<?xml version="1.0" encoding="UTF-8"?>
<testsuite name="testing.InteractionTests" tests="52" skipped="0" failures="0" errors="0" timestamp="2023-05-03T08:03:43" hostname="AB-ASUS-1" time="0.851">
  <properties/>
  <testcase name="TestAssemblyStationTestMultipleRecipes" classname="testing.InteractionTests" time="0.0"/>
  <testcase name="TestAssemblyStationMakeCheeseBeansPotato" classname="testing.InteractionTests" time="0.001"/>
  <testcase name="TestAssemblyStationTomatoOnionBurger" classname="testing.InteractionTests" time="0.0"/>
  <testcase name="TestAssemblyStationMakeColeslawPotato" classname="testing.InteractionTests" time="0.0"/>
  <testcase name="TestBakingStationPotatoToBakedPotato" classname="testing.InteractionTests" time="0.001"/>
  <testcase name="TestAssemblyStationMakeBeansPotato" classname="testing.InteractionTests" time="0.0"/>
  <testcase name="TestAssemblyStationMakeOnionSalad" classname="testing.InteractionTests" time="0.001"/>
  <testcase name="TestPantryCheese" classname="testing.InteractionTests" time="0.001"/>
  <testcase name="TestPreparationStationAddsResultBackWhenFinishedUse" classname="testing.InteractionTests" time="0.001"/>
  <testcase name="TestAssemblyStationMakeTomatoSalad" classname="testing.InteractionTests" time="0.0"/>
  <testcase name="TestPantryPotato" classname="testing.InteractionTests" time="0.001"/>
  <testcase name="TestBakingStationDoughToDoughCook" classname="testing.InteractionTests" time="0.001"/>
  <testcase name="TestPantryLettuce" classname="testing.InteractionTests" time="0.0"/>
  <testcase name="TestPantryTomato" classname="testing.InteractionTests" time="0.0"/>
  <testcase name="TestAssemblyStationOnionBurger" classname="testing.InteractionTests" time="0.0"/>
  <testcase name="TestPantryColeslaw" classname="testing.InteractionTests" time="0.001"/>
  <testcase name="TestUsePantryAndLettuceChop" classname="testing.InteractionTests" time="0.0"/>
  <testcase name="TestAssemblyStationHoldsNothing" classname="testing.InteractionTests" time="0.001"/>
  <testcase name="TestPutDownItem" classname="testing.InteractionTests" time="0.004"/>
  <testcase name="TestPreparationStationSetsStateToFinished" classname="testing.InteractionTests" time="0.0"/>
  <testcase name="TestPreparationStationCutTomato" classname="testing.InteractionTests" time="0.001"/>
  <testcase name="TestPreparationStationCookMeat" classname="testing.InteractionTests" time="0.0"/>
  <testcase name="TestBinStationWorksWithEmptyStack" classname="testing.InteractionTests" time="0.001"/>
  <testcase name="TestAssemblyStationMakePlainPizza" classname="testing.InteractionTests" time="0.0"/>
  <testcase name="TestAssemblyStationMakePlainSalad" classname="testing.InteractionTests" time="0.0"/>
  <testcase name="TestAssemblyStationWrongRecipe" classname="testing.InteractionTests" time="0.001"/>
  <testcase name="TestAssemblyStationLettuceTomatoOnionBurger" classname="testing.InteractionTests" time="0.0"/>
  <testcase name="TestPantryMeat" classname="testing.InteractionTests" time="0.0"/>
  <testcase name="TestPantryBun" classname="testing.InteractionTests" time="0.0"/>
  <testcase name="TestAssemblyStationMakeCheesePotato" classname="testing.InteractionTests" time="0.001"/>
  <testcase name="TestAssemblyStationMakeOnionTomatoSalad" classname="testing.InteractionTests" time="0.0"/>
  <testcase name="TestPreparationStationGivesWaste" classname="testing.InteractionTests" time="0.001"/>
  <testcase name="TestPickUpItem" classname="testing.InteractionTests" time="0.0"/>
  <testcase name="TestAssemblyStationLettuceTomatoBurger" classname="testing.InteractionTests" time="0.0"/>
  <testcase name="TestAssemblyStationMakeBeansColeslawPotato" classname="testing.InteractionTests" time="0.0"/>
  <testcase name="TestAssemblyStationMakeBeansColeslawCheesePotato" classname="testing.InteractionTests" time="0.0"/>
  <testcase name="TestPreparationStationCutLettuce" classname="testing.InteractionTests" time="0.0"/>
  <testcase name="TestPreparationStationCutOnion" classname="testing.InteractionTests" time="0.0"/>
  <testcase name="TestCounterCanHoldMultiple" classname="testing.InteractionTests" time="0.0"/>
  <testcase name="TestStackOnPreparationStation" classname="testing.InteractionTests" time="0.0"/>
  <testcase name="TestPlayerItemStack" classname="testing.InteractionTests" time="0.001"/>
  <testcase name="TestAssemblyStationLettuceBurger" classname="testing.InteractionTests" time="0.001"/>
  <testcase name="TestBinStationGetsRidOfItem" classname="testing.InteractionTests" time="0.0"/>
  <testcase name="TestBinStationWorksWithEmptyFoodStackButHaveADishStack" classname="testing.InteractionTests" time="0.001"/>
  <testcase name="TestAssemblyStationHoldsFood" classname="testing.InteractionTests" time="0.001"/>
  <testcase name="TestAssemblyStationTomatoBurger" classname="testing.InteractionTests" time="0.001"/>
  <testcase name="TestAssemblyStationPlainBurger" classname="testing.InteractionTests" time="0.001"/>
  <testcase name="TestAssemblyStationMakePlainPotato" classname="testing.InteractionTests" time="0.001"/>
  <testcase name="TestPantryBeans" classname="testing.InteractionTests" time="0.0"/>
  <testcase name="TestPantryDough" classname="testing.InteractionTests" time="0.0"/>
  <testcase name="TestPantryOnion" classname="testing.InteractionTests" time="0.0"/>
  <testcase name="TestAssemblyStationLettuceOnionBurger" classname="testing.InteractionTests" time="0.001"/>
  <system-out><![CDATA[]]></system-out>
  <system-err><![CDATA[]]></system-err>
</testsuite>
