<?xml version="1.0" encoding="UTF-8"?>
<testsuite name="testing.GameplayTests" tests="30" skipped="0" failures="0" errors="0" timestamp="2023-05-02T23:10:57" hostname="DESKTOP-8SNM91F" time="0.561">
  <properties/>
  <testcase name="TestCustomerHangOnYourFoodIsComing" classname="testing.GameplayTests" time="0.074"/>
  <testcase name="TestServingStationServeCustomerColeslawCheesePotato" classname="testing.GameplayTests" time="0.007"/>
  <testcase name="TestMoveStack" classname="testing.GameplayTests" time="0.001"/>
  <testcase name="TestServingStationServeCustomerTomatoBurger" classname="testing.GameplayTests" time="0.003"/>
  <testcase name="TestServingStationServeCustomerPlainPizza" classname="testing.GameplayTests" time="0.0"/>
  <testcase name="TestServingStationServeCustomerLettuceBurger" classname="testing.GameplayTests" time="0.0"/>
  <testcase name="TestServingStationServeCustomerBeansColeslawCheesePotato" classname="testing.GameplayTests" time="0.001"/>
  <testcase name="TestCustomerHypnotise" classname="testing.GameplayTests" time="0.001"/>
  <testcase name="TestServingStationServeCustomerLettuceTomatoOnionBurger" classname="testing.GameplayTests" time="0.001"/>
  <testcase name="TestMultipleSpeedPowerUp" classname="testing.GameplayTests" time="0.005"/>
  <testcase name="TestMakeIntoBluggus" classname="testing.GameplayTests" time="0.0"/>
  <testcase name="TestServingStationServeCustomerLettuceOnionSalad" classname="testing.GameplayTests" time="0.001"/>
  <testcase name="TestServingStationServeCustomerPlainBurger" classname="testing.GameplayTests" time="0.001"/>
  <testcase name="TestServingStationServeCustomerLettuceTomatoBurger" classname="testing.GameplayTests" time="0.001"/>
  <testcase name="TestServingStationServesMultipleCustomers" classname="testing.GameplayTests" time="0.001"/>
  <testcase name="TestServingStationDoesNotAcceptWrongRecipes" classname="testing.GameplayTests" time="0.002"/>
  <testcase name="TestServingStationServeCustomerColeslawPotato" classname="testing.GameplayTests" time="0.0"/>
  <testcase name="TestServingStationServeCustomerPlainPotato" classname="testing.GameplayTests" time="0.0"/>
  <testcase name="TestRepPoints" classname="testing.GameplayTests" time="0.001"/>
  <testcase name="TestServingStationServeCustomerBeansColeslawPotato" classname="testing.GameplayTests" time="0.001"/>
  <testcase name="TestServingStationServeCustomerBeansPotato" classname="testing.GameplayTests" time="0.001"/>
  <testcase name="TestServingStationServeCustomerLettuceOnionBurger" classname="testing.GameplayTests" time="0.0"/>
  <testcase name="TestBuyShopItem" classname="testing.GameplayTests" time="0.001"/>
  <testcase name="TestServingStationServeCustomerTomatoOnionBurger" classname="testing.GameplayTests" time="0.001"/>
  <testcase name="TestServingStationServeCustomerLettuceTomatoSalad" classname="testing.GameplayTests" time="0.001"/>
  <testcase name="TestServingStationServeCustomerBeansCheesePotato" classname="testing.GameplayTests" time="0.002"/>
  <testcase name="TestServingStationServeCustomerOnionBurger" classname="testing.GameplayTests" time="0.002"/>
  <testcase name="TestServingStationServeCustomerOnionTomatoSalad" classname="testing.GameplayTests" time="0.002"/>
  <testcase name="TestSpeedPowerUp" classname="testing.GameplayTests" time="0.001"/>
  <testcase name="TestServingStationServeCustomerCheesePotato" classname="testing.GameplayTests" time="0.002"/>
  <system-out><![CDATA[cooks.Customer@30404a68 moving to point B------null------ (1.0,2.0)
cooks.Customer@128074ee moving to point B------null------ (187.5,150.0)
This was correct for me
peek
peek
peek
peek
cooks.Customer@d0c6ca1 moving to point B------null------ (187.5,150.0)
This was correct for me
cooks.Customer@28fd6737 moving to point B------null------ (187.5,150.0)
This was correct for me
cooks.Customer@222de5fb moving to point B------null------ (187.5,150.0)
This was correct for me
cooks.Customer@50a7a9f5 moving to point B------null------ (187.5,150.0)
This was correct for me
cooks.Customer@2044c208 moving to point B------null------ (1.0,2.0)
cooks.Customer@6343cde8 moving to point B------null------ (187.5,150.0)
This was correct for me
cooks.Customer@29fbce1e moving to point B------null------ (187.5,150.0)
This was correct for me
cooks.Customer@26e53b02 moving to point B------null------ (187.5,150.0)
This was correct for me
cooks.Customer@b6b9f22 moving to point B------null------ (187.5,150.0)
This was correct for me
cooks.Customer@490f414f moving to point B------null------ (187.5,150.0)
This was correct for me
cooks.Customer@1e4a45c3 moving to point B------null------ (187.5,150.0)
This was correct for me
cooks.Customer@55e456f8 moving to point B------null------ (187.5,150.0)
cooks.Customer@3b9dd622 moving to point B------null------ (187.5,150.0)
This was correct for me
cooks.Customer@57bfa773 moving to point B------null------ (187.5,150.0)
This was correct for me
cooks.Customer@3e384e3f moving to point B------null------ (187.5,150.0)
This was correct for me
cooks.Customer@56af8859 moving to point B------null------ (187.5,150.0)
This was correct for me
cooks.Customer@6f5081e1 moving to point B------null------ (187.5,150.0)
This was correct for me
cooks.Customer@719cc22e moving to point B------null------ (187.5,150.0)
This was correct for me
cooks.Customer@6f88b4ea moving to point B------null------ (187.5,150.0)
This was correct for me
cooks.Customer@22cab298 moving to point B------null------ (187.5,150.0)
This was correct for me
cooks.Customer@7880a94d moving to point B------null------ (187.5,150.0)
This was correct for me
cooks.Customer@6f1a99c1 moving to point B------null------ (187.5,150.0)
This was correct for me
cooks.Customer@451f5f2c moving to point B------null------ (187.5,150.0)
This was correct for me
]]></system-out>
  <system-err><![CDATA[]]></system-err>
</testsuite>
