<?xml version="1.0" encoding="UTF-8"?>
<testsuite name="testing.GameplayTests" tests="30" skipped="0" failures="0" errors="0" timestamp="2023-05-03T04:51:44" hostname="DESKTOP-8SNM91F" time="0.484">
  <properties/>
  <testcase name="TestCustomerHangOnYourFoodIsComing" classname="testing.GameplayTests" time="0.002"/>
  <testcase name="TestServingStationServeCustomerColeslawCheesePotato" classname="testing.GameplayTests" time="0.001"/>
  <testcase name="TestMoveStack" classname="testing.GameplayTests" time="0.001"/>
  <testcase name="TestServingStationServeCustomerTomatoBurger" classname="testing.GameplayTests" time="0.002"/>
  <testcase name="TestServingStationServeCustomerPlainPizza" classname="testing.GameplayTests" time="0.001"/>
  <testcase name="TestServingStationServeCustomerLettuceBurger" classname="testing.GameplayTests" time="0.0"/>
  <testcase name="TestServingStationServeCustomerBeansColeslawCheesePotato" classname="testing.GameplayTests" time="0.0"/>
  <testcase name="TestCustomerHypnotise" classname="testing.GameplayTests" time="0.0"/>
  <testcase name="TestServingStationServeCustomerLettuceTomatoOnionBurger" classname="testing.GameplayTests" time="0.0"/>
  <testcase name="TestMultipleSpeedPowerUp" classname="testing.GameplayTests" time="0.0"/>
  <testcase name="TestMakeIntoBluggus" classname="testing.GameplayTests" time="0.0"/>
  <testcase name="TestServingStationServeCustomerLettuceOnionSalad" classname="testing.GameplayTests" time="0.001"/>
  <testcase name="TestServingStationServeCustomerPlainBurger" classname="testing.GameplayTests" time="0.001"/>
  <testcase name="TestServingStationServeCustomerLettuceTomatoBurger" classname="testing.GameplayTests" time="0.001"/>
  <testcase name="TestServingStationServesMultipleCustomers" classname="testing.GameplayTests" time="0.001"/>
  <testcase name="TestServingStationDoesNotAcceptWrongRecipes" classname="testing.GameplayTests" time="0.001"/>
  <testcase name="TestServingStationServeCustomerColeslawPotato" classname="testing.GameplayTests" time="0.001"/>
  <testcase name="TestServingStationServeCustomerPlainPotato" classname="testing.GameplayTests" time="0.001"/>
  <testcase name="TestRepPoints" classname="testing.GameplayTests" time="0.0"/>
  <testcase name="TestServingStationServeCustomerBeansColeslawPotato" classname="testing.GameplayTests" time="0.0"/>
  <testcase name="TestServingStationServeCustomerBeansPotato" classname="testing.GameplayTests" time="0.001"/>
  <testcase name="TestServingStationServeCustomerLettuceOnionBurger" classname="testing.GameplayTests" time="0.001"/>
  <testcase name="TestBuyShopItem" classname="testing.GameplayTests" time="0.0"/>
  <testcase name="TestServingStationServeCustomerTomatoOnionBurger" classname="testing.GameplayTests" time="0.001"/>
  <testcase name="TestServingStationServeCustomerLettuceTomatoSalad" classname="testing.GameplayTests" time="0.0"/>
  <testcase name="TestServingStationServeCustomerBeansCheesePotato" classname="testing.GameplayTests" time="0.0"/>
  <testcase name="TestServingStationServeCustomerOnionBurger" classname="testing.GameplayTests" time="0.001"/>
  <testcase name="TestServingStationServeCustomerOnionTomatoSalad" classname="testing.GameplayTests" time="0.0"/>
  <testcase name="TestSpeedPowerUp" classname="testing.GameplayTests" time="0.0"/>
  <testcase name="TestServingStationServeCustomerCheesePotato" classname="testing.GameplayTests" time="0.0"/>
  <system-out><![CDATA[This was correct for me
peek
peek
peek
peek
This was correct for me
This was correct for me
This was correct for me
This was correct for me
This was correct for me
This was correct for me
This was correct for me
This was correct for me
This was correct for me
This was correct for me
This was correct for me
This was correct for me
This was correct for me
This was correct for me
This was correct for me
This was correct for me
This was correct for me
This was correct for me
This was correct for me
This was correct for me
This was correct for me
]]></system-out>
  <system-err><![CDATA[]]></system-err>
</testsuite>
