<?xml version="1.0" encoding="UTF-8"?>
<testsuite name="testing.MenuTests" tests="2" skipped="0" failures="2" errors="0" timestamp="2023-05-02T21:40:31" hostname="DESKTOP-8SNM91F" time="5.303">
  <properties/>
  <testcase name="testStartEndlessGame" classname="testing.MenuTests" time="2.902">
    <failure message="java.lang.IllegalArgumentException: Error compiling shader: " type="java.lang.IllegalArgumentException">java.lang.IllegalArgumentException: Error compiling shader: 
	at com.badlogic.gdx.graphics.g2d.SpriteBatch.createDefaultShader(SpriteBatch.java:164)
	at com.badlogic.gdx.graphics.g2d.SpriteBatch.&lt;init&gt;(SpriteBatch.java:127)
	at com.badlogic.gdx.graphics.g2d.SpriteBatch.&lt;init&gt;(SpriteBatch.java:81)
	at com.badlogic.gdx.maps.tiled.renderers.BatchTiledMapRenderer.&lt;init&gt;(BatchTiledMapRenderer.java:102)
	at game.SuperMapSuperRenderer.&lt;init&gt;(SuperMapSuperRenderer.java:44)
	at helper.MapHelper.setupMap(MapHelper.java:59)
	at game.GameScreen.&lt;init&gt;(GameScreen.java:176)
	at game.ScreenController.&lt;init&gt;(ScreenController.java:47)
	at testing.MenuTests.testStartEndlessGame(MenuTests.java:25)
	at java.base/jdk.internal.reflect.NativeMethodAccessorImpl.invoke0(Native Method)
	at java.base/jdk.internal.reflect.NativeMethodAccessorImpl.invoke(NativeMethodAccessorImpl.java:77)
	at java.base/jdk.internal.reflect.DelegatingMethodAccessorImpl.invoke(DelegatingMethodAccessorImpl.java:43)
	at java.base/java.lang.reflect.Method.invoke(Method.java:568)
	at org.junit.runners.model.FrameworkMethod$1.runReflectiveCall(FrameworkMethod.java:59)
	at org.junit.internal.runners.model.ReflectiveCallable.run(ReflectiveCallable.java:12)
	at org.junit.runners.model.FrameworkMethod.invokeExplosively(FrameworkMethod.java:56)
	at org.junit.internal.runners.statements.InvokeMethod.evaluate(InvokeMethod.java:17)
	at org.junit.runners.ParentRunner$3.evaluate(ParentRunner.java:306)
	at org.junit.runners.BlockJUnit4ClassRunner$1.evaluate(BlockJUnit4ClassRunner.java:100)
	at org.junit.runners.ParentRunner.runLeaf(ParentRunner.java:366)
	at org.junit.runners.BlockJUnit4ClassRunner.runChild(BlockJUnit4ClassRunner.java:103)
	at testing.GdxTestRunner.render(GdxTestRunner.java:57)
	at com.badlogic.gdx.backends.headless.HeadlessApplication.mainLoop(HeadlessApplication.java:128)
	at com.badlogic.gdx.backends.headless.HeadlessApplication$1.run(HeadlessApplication.java:93)
</failure>
  </testcase>
  <testcase name="testCreditsMenu" classname="testing.MenuTests" time="2.384">
    <failure message="java.lang.IllegalArgumentException: Error compiling shader: " type="java.lang.IllegalArgumentException">java.lang.IllegalArgumentException: Error compiling shader: 
	at com.badlogic.gdx.graphics.g2d.SpriteBatch.createDefaultShader(SpriteBatch.java:164)
	at com.badlogic.gdx.graphics.g2d.SpriteBatch.&lt;init&gt;(SpriteBatch.java:127)
	at com.badlogic.gdx.graphics.g2d.SpriteBatch.&lt;init&gt;(SpriteBatch.java:81)
	at com.badlogic.gdx.maps.tiled.renderers.BatchTiledMapRenderer.&lt;init&gt;(BatchTiledMapRenderer.java:102)
	at game.SuperMapSuperRenderer.&lt;init&gt;(SuperMapSuperRenderer.java:44)
	at helper.MapHelper.setupMap(MapHelper.java:59)
	at game.GameScreen.&lt;init&gt;(GameScreen.java:176)
	at game.ScreenController.&lt;init&gt;(ScreenController.java:47)
	at testing.MenuTests.testCreditsMenu(MenuTests.java:37)
	at java.base/jdk.internal.reflect.NativeMethodAccessorImpl.invoke0(Native Method)
	at java.base/jdk.internal.reflect.NativeMethodAccessorImpl.invoke(NativeMethodAccessorImpl.java:77)
	at java.base/jdk.internal.reflect.DelegatingMethodAccessorImpl.invoke(DelegatingMethodAccessorImpl.java:43)
	at java.base/java.lang.reflect.Method.invoke(Method.java:568)
	at org.junit.runners.model.FrameworkMethod$1.runReflectiveCall(FrameworkMethod.java:59)
	at org.junit.internal.runners.model.ReflectiveCallable.run(ReflectiveCallable.java:12)
	at org.junit.runners.model.FrameworkMethod.invokeExplosively(FrameworkMethod.java:56)
	at org.junit.internal.runners.statements.InvokeMethod.evaluate(InvokeMethod.java:17)
	at org.junit.runners.ParentRunner$3.evaluate(ParentRunner.java:306)
	at org.junit.runners.BlockJUnit4ClassRunner$1.evaluate(BlockJUnit4ClassRunner.java:100)
	at org.junit.runners.ParentRunner.runLeaf(ParentRunner.java:366)
	at org.junit.runners.BlockJUnit4ClassRunner.runChild(BlockJUnit4ClassRunner.java:103)
	at testing.GdxTestRunner.render(GdxTestRunner.java:57)
	at com.badlogic.gdx.backends.headless.HeadlessApplication.mainLoop(HeadlessApplication.java:128)
	at com.badlogic.gdx.backends.headless.HeadlessApplication$1.run(HeadlessApplication.java:93)
</failure>
  </testcase>
  <system-out><![CDATA[Initalising Gamescreen
game.GameScreen@6b076340
power pantry is generated
Setting to teacup
teacup
power pantry is generated
Setting to menu
menu
0<|||||||||||||||||||||||||||||||||||||||||||||||||||||||pantry is generated
Setting to meat
meat
pantry is generated
Setting to lettuce
lettuce
pantry is generated
Setting to onion
onion
pantry is generated
Setting to tomato
tomato
pantry is generated
Setting to bun
bun
pantry is generated
Setting to bakedBeans
bakedBeans
pantry is generated
Setting to potato
potato
pantry is generated
Setting to dough
dough
pantry is generated
Setting to cheese
cheese
pantry is generated
Setting to cheese
cheese
pantry is generated
Setting to coleslaw
coleslaw
1<|||||||||||||||||||||||||||||||||||||||||||||||||||||||2<|||||||||||||||||||||||||||||||||||||||||||||||||||||||pantry is generated
Setting to cheese
cheese
pantry is generated
Setting to coleslaw
coleslaw
pantry is generated
Setting to dough
dough
pantry is generated
Setting to cheese
cheese
pantry is generated
Setting to potato
potato
pantry is generated
Setting to bakedBeans
bakedBeans
Initalising Gamescreen
game.GameScreen@11d9f39f
power pantry is generated
Setting to teacup
teacup
power pantry is generated
Setting to menu
menu
0<|||||||||||||||||||||||||||||||||||||||||||||||||||||||pantry is generated
Setting to meat
meat
pantry is generated
Setting to lettuce
lettuce
pantry is generated
Setting to onion
onion
pantry is generated
Setting to tomato
tomato
pantry is generated
Setting to bun
bun
pantry is generated
Setting to bakedBeans
bakedBeans
pantry is generated
Setting to potato
potato
pantry is generated
Setting to dough
dough
pantry is generated
Setting to cheese
cheese
pantry is generated
Setting to cheese
cheese
pantry is generated
Setting to coleslaw
coleslaw
1<|||||||||||||||||||||||||||||||||||||||||||||||||||||||2<|||||||||||||||||||||||||||||||||||||||||||||||||||||||pantry is generated
Setting to cheese
cheese
pantry is generated
Setting to coleslaw
coleslaw
pantry is generated
Setting to dough
dough
pantry is generated
Setting to cheese
cheese
pantry is generated
Setting to potato
potato
pantry is generated
Setting to bakedBeans
bakedBeans
]]></system-out>
  <system-err><![CDATA[]]></system-err>
</testsuite>
