<?xml version="1.0" encoding="UTF-8"?>
<testsuite name="testing.GeneralTests" tests="40" skipped="0" failures="1" errors="0" timestamp="2023-05-03T02:03:39" hostname="DESKTOP-8SNM91F" time="0.651">
  <properties/>
  <testcase name="TestHoldItems" classname="testing.GeneralTests" time="0.0"/>
  <testcase name="testsGetServingStationList" classname="testing.GeneralTests" time="0.001"/>
  <testcase name="TestGoldAddBalance" classname="testing.GeneralTests" time="0.0"/>
  <testcase name="TestFoodStackPeekStackCatchIndexOutOfBounds" classname="testing.GeneralTests" time="0.0"/>
  <testcase name="TestSetAndGetMode" classname="testing.GeneralTests" time="0.001"/>
  <testcase name="TestCookRotate90C" classname="testing.GeneralTests" time="0.0"/>
  <testcase name="testSetDestination" classname="testing.GeneralTests" time="0.0"/>
  <testcase name="TestGetBlocked" classname="testing.GeneralTests" time="0.0"/>
  <testcase name="testCustomerMoveLeftDown" classname="testing.GeneralTests" time="0.0"/>
  <testcase name="TestSetDir" classname="testing.GeneralTests" time="0.0"/>
  <testcase name="testDecreasePatience" classname="testing.GeneralTests" time="0.0"/>
  <testcase name="TestAddCustomerCustomerPresent" classname="testing.GeneralTests" time="0.0"/>
  <testcase name="TestRemoveCustomer" classname="testing.GeneralTests" time="0.0"/>
  <testcase name="TestAddCustomerCustomersPresent" classname="testing.GeneralTests" time="0.001"/>
  <testcase name="TestGoldGetInstance" classname="testing.GeneralTests" time="0.0"/>
  <testcase name="testServingStationCustomerInteract" classname="testing.GeneralTests" time="0.002">
    <failure message="java.lang.AssertionError: Error: Serving a teacup does not reset the customers wait-time expected [300.0] but found [50.0]" type="java.lang.AssertionError">java.lang.AssertionError: Error: Serving a teacup does not reset the customers wait-time expected [300.0] but found [50.0]
	at org.testng.Assert.fail(Assert.java:97)
	at org.testng.Assert.failNotEquals(Assert.java:969)
	at org.testng.Assert.assertEquals(Assert.java:706)
	at testing.GeneralTests.testServingStationCustomerInteract(GeneralTests.java:360)
	at java.base/jdk.internal.reflect.NativeMethodAccessorImpl.invoke0(Native Method)
	at java.base/jdk.internal.reflect.NativeMethodAccessorImpl.invoke(NativeMethodAccessorImpl.java:77)
	at java.base/jdk.internal.reflect.DelegatingMethodAccessorImpl.invoke(DelegatingMethodAccessorImpl.java:43)
	at java.base/java.lang.reflect.Method.invoke(Method.java:568)
	at org.junit.runners.model.FrameworkMethod$1.runReflectiveCall(FrameworkMethod.java:59)
	at org.junit.internal.runners.model.ReflectiveCallable.run(ReflectiveCallable.java:12)
	at org.junit.runners.model.FrameworkMethod.invokeExplosively(FrameworkMethod.java:56)
	at org.junit.internal.runners.statements.InvokeMethod.evaluate(InvokeMethod.java:17)
	at org.junit.runners.ParentRunner$3.evaluate(ParentRunner.java:306)
	at org.junit.runners.BlockJUnit4ClassRunner$1.evaluate(BlockJUnit4ClassRunner.java:100)
	at org.junit.runners.ParentRunner.runLeaf(ParentRunner.java:366)
	at org.junit.runners.BlockJUnit4ClassRunner.runChild(BlockJUnit4ClassRunner.java:103)
	at testing.GdxTestRunner.render(GdxTestRunner.java:57)
	at com.badlogic.gdx.backends.headless.HeadlessApplication.mainLoop(HeadlessApplication.java:128)
	at com.badlogic.gdx.backends.headless.HeadlessApplication$1.run(HeadlessApplication.java:93)
</failure>
  </testcase>
  <testcase name="TestFoodStackSetStack" classname="testing.GeneralTests" time="0.0"/>
  <testcase name="TestCookSetColour" classname="testing.GeneralTests" time="0.0"/>
  <testcase name="TestCookUpdate" classname="testing.GeneralTests" time="0.0"/>
  <testcase name="testSetStationPosition" classname="testing.GeneralTests" time="0.0"/>
  <testcase name="TestChefFoodRelativeX" classname="testing.GeneralTests" time="0.001"/>
  <testcase name="TestChefFoodRelativeY" classname="testing.GeneralTests" time="0.001"/>
  <testcase name="testSetMapObstacles" classname="testing.GeneralTests" time="0.0"/>
  <testcase name="TestGetInputKey" classname="testing.GeneralTests" time="0.0"/>
  <testcase name="TestFoodStackPopStackCatchIndexOutOfBounds" classname="testing.GeneralTests" time="0.0"/>
  <testcase name="TestGetStationKey" classname="testing.GeneralTests" time="0.001"/>
  <testcase name="TestMaxCustomersReached" classname="testing.GeneralTests" time="0.0"/>
  <testcase name="TestWonScenario" classname="testing.GeneralTests" time="0.0"/>
  <testcase name="TestFoodStackToString" classname="testing.GeneralTests" time="0.0"/>
  <testcase name="TestInitialiseStationCustomerMap" classname="testing.GeneralTests" time="0.0"/>
  <testcase name="testsGetMapStations" classname="testing.GeneralTests" time="0.0"/>
  <testcase name="TestGoldSetandGetBalance" classname="testing.GeneralTests" time="0.0"/>
  <testcase name="TestGetCustomers" classname="testing.GeneralTests" time="0.001"/>
  <testcase name="testUtilClass" classname="testing.GeneralTests" time="0.001"/>
  <testcase name="TestGetInputType" classname="testing.GeneralTests" time="0.0"/>
  <testcase name="TestCookOpposite" classname="testing.GeneralTests" time="0.0"/>
  <testcase name="testCustomerGetX" classname="testing.GeneralTests" time="0.0"/>
  <testcase name="testCustomerGetY" classname="testing.GeneralTests" time="0.001"/>
  <testcase name="TestSetAndGetDifficulty" classname="testing.GeneralTests" time="0.0"/>
  <testcase name="testCustomerGetRequestName" classname="testing.GeneralTests" time="0.0"/>
  <system-out><![CDATA[lettuce
lettuce
lettuce
lettuce
peek
interval 0
group size 1
no customer added!
interval 0
group size 1
no customer added this time!
players.Customer@d887f2will leave in 50.0
players.Customer@d887f2now will leave in 50.0
customers left 2
customers left 1
customers left 0
]]></system-out>
  <system-err><![CDATA[]]></system-err>
</testsuite>
