<?xml version="1.0" encoding="UTF-8"?>
<testsuite name="testing.GeneralTests" tests="41" skipped="0" failures="0" errors="0" timestamp="2023-05-02T23:10:58" hostname="DESKTOP-8SNM91F" time="0.668">
  <properties/>
  <testcase name="TestHoldItems" classname="testing.GeneralTests" time="0.003"/>
  <testcase name="testsGetServingStationList" classname="testing.GeneralTests" time="0.005"/>
  <testcase name="TestGoldAddBalance" classname="testing.GeneralTests" time="0.0"/>
  <testcase name="TestFoodStackPeekStackCatchIndexOutOfBounds" classname="testing.GeneralTests" time="0.001"/>
  <testcase name="TestSetAndGetMode" classname="testing.GeneralTests" time="0.005"/>
  <testcase name="TestCookRotate90C" classname="testing.GeneralTests" time="0.001"/>
  <testcase name="testSetDestination" classname="testing.GeneralTests" time="0.0"/>
  <testcase name="TestGetBlocked" classname="testing.GeneralTests" time="0.0"/>
  <testcase name="testCustomerMoveLeftDown" classname="testing.GeneralTests" time="0.001"/>
  <testcase name="TestSetDir" classname="testing.GeneralTests" time="0.0"/>
  <testcase name="testDecreasePatience" classname="testing.GeneralTests" time="0.001"/>
  <testcase name="TestAddCustomerCustomerPresent" classname="testing.GeneralTests" time="0.002"/>
  <testcase name="TestRemoveCustomer" classname="testing.GeneralTests" time="0.001"/>
  <testcase name="TestAddCustomerCustomersPresent" classname="testing.GeneralTests" time="0.002"/>
  <testcase name="TestGoldGetInstance" classname="testing.GeneralTests" time="0.001"/>
  <testcase name="testServingStationCustomerInteract" classname="testing.GeneralTests" time="0.003"/>
  <testcase name="TestFoodStackSetStack" classname="testing.GeneralTests" time="0.0"/>
  <testcase name="TestCookSetColour" classname="testing.GeneralTests" time="0.001"/>
  <testcase name="TestCookUpdate" classname="testing.GeneralTests" time="0.0"/>
  <testcase name="testSetStationPosition" classname="testing.GeneralTests" time="0.001"/>
  <testcase name="TestChefFoodRelativeX" classname="testing.GeneralTests" time="0.0"/>
  <testcase name="TestChefFoodRelativeY" classname="testing.GeneralTests" time="0.001"/>
  <testcase name="testCustomerSetCustomerPoints" classname="testing.GeneralTests" time="0.001"/>
  <testcase name="testSetMapObstacles" classname="testing.GeneralTests" time="0.001"/>
  <testcase name="TestGetInputKey" classname="testing.GeneralTests" time="0.001"/>
  <testcase name="TestFoodStackPopStackCatchIndexOutOfBounds" classname="testing.GeneralTests" time="0.0"/>
  <testcase name="TestGetStationKey" classname="testing.GeneralTests" time="0.001"/>
  <testcase name="TestMaxCustomersReached" classname="testing.GeneralTests" time="0.003"/>
  <testcase name="TestWonScenario" classname="testing.GeneralTests" time="0.002"/>
  <testcase name="TestFoodStackToString" classname="testing.GeneralTests" time="0.012"/>
  <testcase name="TestInitialiseStationCustomerMap" classname="testing.GeneralTests" time="0.0"/>
  <testcase name="testsGetMapStations" classname="testing.GeneralTests" time="0.001"/>
  <testcase name="TestGoldSetandGetBalance" classname="testing.GeneralTests" time="0.001"/>
  <testcase name="TestGetCustomers" classname="testing.GeneralTests" time="0.001"/>
  <testcase name="testUtilClass" classname="testing.GeneralTests" time="0.001"/>
  <testcase name="TestGetInputType" classname="testing.GeneralTests" time="0.0"/>
  <testcase name="TestCookOpposite" classname="testing.GeneralTests" time="0.0"/>
  <testcase name="testCustomerGetX" classname="testing.GeneralTests" time="0.001"/>
  <testcase name="testCustomerGetY" classname="testing.GeneralTests" time="0.001"/>
  <testcase name="TestSetAndGetDifficulty" classname="testing.GeneralTests" time="0.001"/>
  <testcase name="testCustomerGetRequestName" classname="testing.GeneralTests" time="0.001"/>
  <system-out><![CDATA[lettuce
lettuce
lettuce
lettuce
peek
cooks.Customer@67826013 moving to point B------null------ (1.0,2.0)
cooks.Customer@6468b2d2 moving to point B------null------ (20.0,20.0)
cooks.Customer@65b4fec5 moving to point B------null------ (1.0,2.0)
cooks.Customer@6f111ab1 moving to point B------null------ (1.0,2.0)
interval 0
group size 1
no customer added!
cooks.Customer@cce4679 moving to point B------null------ (1.0,2.0)
cooks.Customer@4bb33924 moving to point B------null------ (1.0,2.0)
cooks.Customer@73186032 moving to point B------null------ (1.0,2.0)
cooks.Customer@d1b1da6 moving to point B------null------ (1.0,2.0)
cooks.Customer@22f00ac2 moving to point B------null------ (1.0,2.0)
cooks.Customer@70586da1 moving to point B------null------ (1.0,2.0)
interval 0
group size 1
no customer added this time!
cooks.Customer@3756f78f moving to point B------null------ (187.5,150.0)
cooks.Customer@3756f78fwill leave in 50.0
cooks.Customer@3756f78fnow will leave in 300.0
cooks.Customer@3756f78fis rethinking
cooks.Customer@450b1a1 moving to point B------null------ (1.0,2.0)
cooks.Customer@48be5999 moving to point B------null------ (1.0,2.0)
cooks.Customer@4f24ecd2 moving to point B------null------ (1.0,2.0)
cooks.Customer@4e12edd7 moving to point B------null------ (1.0,2.0)
cooks.Customer@74da171d moving to point B------null------ (1.0,2.0)
cooks.Customer@1c702728 moving to point B------null------ (1.0,2.0)
cooks.Customer@27845bb0 moving to point B------null------ (1.0,2.0)
cooks.Customer@7ea176c2 moving to point B------null------ (1.0,2.0)
cooks.Customer@5a67e4f4 moving to point B------null------ (1.0,2.0)
cooks.Customer@4733d1f7 moving to point B------null------ (1.0,2.0)
cooks.Customer@426f4b7a moving to point B------null------ (1.0,2.0)
customers left 2
customers left 1
customers left 0
cooks.Customer@318e07f moving to point B------null------ (1.0,2.0)
cooks.Customer@693dd253 moving to point B------null------ (1.0,2.0)
cooks.Customer@5745665c moving to point B------null------ (1.0,2.0)
cooks.Customer@fef3c77 moving to point B------null------ (1.0,2.0)
]]></system-out>
  <system-err><![CDATA[]]></system-err>
</testsuite>
