<?xml version="1.0" encoding="UTF-8"?>
<testsuite name="testing.GameplayTests" tests="31" skipped="0" failures="1" errors="0" timestamp="2023-05-02T21:40:29" hostname="DESKTOP-8SNM91F" time="0.498">
  <properties/>
  <testcase name="TestCustomerHangOnYourFoodIsComing" classname="testing.GameplayTests" time="0.007"/>
  <testcase name="TestServingStationServeCustomerColeslawCheesePotato" classname="testing.GameplayTests" time="0.003"/>
  <testcase name="TestMoveStack" classname="testing.GameplayTests" time="0.0"/>
  <testcase name="TestServingStationServeCustomerTomatoBurger" classname="testing.GameplayTests" time="0.002"/>
  <testcase name="TestServingStationServeCustomerPlainPizza" classname="testing.GameplayTests" time="0.0"/>
  <testcase name="TestServingStationServeCustomerLettuceBurger" classname="testing.GameplayTests" time="0.0"/>
  <testcase name="TestServingStationServeCustomerBeansColeslawCheesePotato" classname="testing.GameplayTests" time="0.001"/>
  <testcase name="TestServingStationServeCustomerLettuceTomatoOnionBurger" classname="testing.GameplayTests" time="0.001"/>
  <testcase name="TestMultipleSpeedPowerUp" classname="testing.GameplayTests" time="0.001"/>
  <testcase name="TestMakeIntoBluggus" classname="testing.GameplayTests" time="0.0"/>
  <testcase name="TestServingStationServeCustomerLettuceOnionSalad" classname="testing.GameplayTests" time="0.0"/>
  <testcase name="TestServingStationServeCustomerPlainBurger" classname="testing.GameplayTests" time="0.0"/>
  <testcase name="TestServingStationServeCustomerLettuceTomatoBurger" classname="testing.GameplayTests" time="0.002"/>
  <testcase name="TestServingStationServesMultipleCustomers" classname="testing.GameplayTests" time="0.001"/>
  <testcase name="TestServingStationDoesNotAcceptWrongRecipes" classname="testing.GameplayTests" time="0.001"/>
  <testcase name="TestServingStationServeCustomerColeslawPotato" classname="testing.GameplayTests" time="0.001"/>
  <testcase name="TestServingStationServeCustomerPlainPotato" classname="testing.GameplayTests" time="0.001"/>
  <testcase name="TestRepPoints" classname="testing.GameplayTests" time="0.001"/>
  <testcase name="TestServingStationServeCustomerBeansColeslawPotato" classname="testing.GameplayTests" time="0.001"/>
  <testcase name="TestCustomerNewServedCustomerLeave" classname="testing.GameplayTests" time="0.0">
    <failure message="java.lang.AssertionError: Error: CustomerNew's servedCustomerLeaves is not updating the x position correctly expected [0.875] but found [1.125]" type="java.lang.AssertionError">java.lang.AssertionError: Error: CustomerNew's servedCustomerLeaves is not updating the x position correctly expected [0.875] but found [1.125]
	at org.testng.Assert.fail(Assert.java:97)
	at org.testng.Assert.failNotEquals(Assert.java:969)
	at org.testng.Assert.assertEquals(Assert.java:706)
	at testing.GameplayTests.TestCustomerNewServedCustomerLeave(GameplayTests.java:1013)
	at java.base/jdk.internal.reflect.NativeMethodAccessorImpl.invoke0(Native Method)
	at java.base/jdk.internal.reflect.NativeMethodAccessorImpl.invoke(NativeMethodAccessorImpl.java:77)
	at java.base/jdk.internal.reflect.DelegatingMethodAccessorImpl.invoke(DelegatingMethodAccessorImpl.java:43)
	at java.base/java.lang.reflect.Method.invoke(Method.java:568)
	at org.junit.runners.model.FrameworkMethod$1.runReflectiveCall(FrameworkMethod.java:59)
	at org.junit.internal.runners.model.ReflectiveCallable.run(ReflectiveCallable.java:12)
	at org.junit.runners.model.FrameworkMethod.invokeExplosively(FrameworkMethod.java:56)
	at org.junit.internal.runners.statements.InvokeMethod.evaluate(InvokeMethod.java:17)
	at org.junit.runners.ParentRunner$3.evaluate(ParentRunner.java:306)
	at org.junit.runners.BlockJUnit4ClassRunner$1.evaluate(BlockJUnit4ClassRunner.java:100)
	at org.junit.runners.ParentRunner.runLeaf(ParentRunner.java:366)
	at org.junit.runners.BlockJUnit4ClassRunner.runChild(BlockJUnit4ClassRunner.java:103)
	at testing.GdxTestRunner.render(GdxTestRunner.java:57)
	at com.badlogic.gdx.backends.headless.HeadlessApplication.mainLoop(HeadlessApplication.java:128)
	at com.badlogic.gdx.backends.headless.HeadlessApplication$1.run(HeadlessApplication.java:93)
</failure>
  </testcase>
  <testcase name="TestServingStationServeCustomerBeansPotato" classname="testing.GameplayTests" time="0.001"/>
  <testcase name="TestServingStationServeCustomerLettuceOnionBurger" classname="testing.GameplayTests" time="0.001"/>
  <testcase name="TestBuyShopItem" classname="testing.GameplayTests" time="0.002"/>
  <testcase name="TestServingStationServeCustomerTomatoOnionBurger" classname="testing.GameplayTests" time="0.001"/>
  <testcase name="TestServingStationServeCustomerLettuceTomatoSalad" classname="testing.GameplayTests" time="0.001"/>
  <testcase name="TestServingStationServeCustomerBeansCheesePotato" classname="testing.GameplayTests" time="0.0"/>
  <testcase name="TestCustomerNewHypnotise" classname="testing.GameplayTests" time="0.0"/>
  <testcase name="TestServingStationServeCustomerOnionBurger" classname="testing.GameplayTests" time="0.001"/>
  <testcase name="TestServingStationServeCustomerOnionTomatoSalad" classname="testing.GameplayTests" time="0.0"/>
  <testcase name="TestSpeedPowerUp" classname="testing.GameplayTests" time="0.0"/>
  <testcase name="TestServingStationServeCustomerCheesePotato" classname="testing.GameplayTests" time="0.001"/>
  <system-out><![CDATA[cooks.CustomerNew@4cdea609 moving to point B------null------ (1.0,2.0)
cooks.CustomerNew@14f2ef05 moving to point B------null------ (187.5,150.0)
This was correct for me
peek
peek
peek
peek
cooks.CustomerNew@1436a01f moving to point B------null------ (187.5,150.0)
This was correct for me
cooks.CustomerNew@2b759091 moving to point B------null------ (187.5,150.0)
This was correct for me
cooks.CustomerNew@7bd848b2 moving to point B------null------ (187.5,150.0)
This was correct for me
cooks.CustomerNew@673adeac moving to point B------null------ (187.5,150.0)
This was correct for me
cooks.CustomerNew@3ec338cf moving to point B------null------ (187.5,150.0)
This was correct for me
cooks.CustomerNew@386ad55c moving to point B------null------ (187.5,150.0)
This was correct for me
cooks.CustomerNew@65f48acb moving to point B------null------ (187.5,150.0)
This was correct for me
cooks.CustomerNew@6d9b31d9 moving to point B------null------ (187.5,150.0)
This was correct for me
cooks.CustomerNew@5264d130 moving to point B------null------ (187.5,150.0)
This was correct for me
cooks.CustomerNew@3cca2e15 moving to point B------null------ (187.5,150.0)
This was correct for me
cooks.CustomerNew@7da95995 moving to point B------null------ (187.5,150.0)
cooks.CustomerNew@50c62461 moving to point B------null------ (187.5,150.0)
This was correct for me
cooks.CustomerNew@6714aa1d moving to point B------null------ (187.5,150.0)
This was correct for me
cooks.CustomerNew@7d9cfed0 moving to point B------null------ (187.5,150.0)
This was correct for me
cooks.CustomerNew@10937f4a moving to point B------null------ (1.0,2.0)
cooks.CustomerNew@10937f4a moving to point A------(0.0,2913.0)------ (1.0,2.0)
cooks.CustomerNew@3fcd3187 moving to point B------null------ (187.5,150.0)
This was correct for me
cooks.CustomerNew@57c4488d moving to point B------null------ (187.5,150.0)
This was correct for me
cooks.CustomerNew@6534fbe9 moving to point B------null------ (187.5,150.0)
This was correct for me
cooks.CustomerNew@ad9fb0a moving to point B------null------ (187.5,150.0)
This was correct for me
cooks.CustomerNew@7cb12d00 moving to point B------null------ (187.5,150.0)
This was correct for me
cooks.CustomerNew@662090e3 moving to point B------null------ (1.0,2.0)
cooks.CustomerNew@2489c47d moving to point B------null------ (187.5,150.0)
This was correct for me
cooks.CustomerNew@61cd6a4d moving to point B------null------ (187.5,150.0)
This was correct for me
cooks.CustomerNew@14e19259 moving to point B------null------ (187.5,150.0)
This was correct for me
]]></system-out>
  <system-err><![CDATA[]]></system-err>
</testsuite>
