<?xml version="1.0" encoding="UTF-8"?>
<testsuite name="testing.AssetTests" tests="1" skipped="0" failures="0" errors="0" timestamp="2023-02-22T15:14:13" hostname="AB-ASUS-1" time="0.003">
  <properties/>
  <testcase name="testCreditsAssetExists" classname="testing.AssetTests" time="0.003"/>
  <system-out><![CDATA[]]></system-out>
  <system-err><![CDATA[]]></system-err>
</testsuite>
