<?xml version="1.0" encoding="UTF-8"?>
<testsuite name="testing.GeneralTests" tests="40" skipped="0" failures="0" errors="0" timestamp="2023-05-03T07:38:58" hostname="AB-ASUS-1" time="0.65">
  <properties/>
  <testcase name="TestHoldItems" classname="testing.GeneralTests" time="0.0"/>
  <testcase name="testsGetServingStationList" classname="testing.GeneralTests" time="0.0"/>
  <testcase name="TestGoldAddBalance" classname="testing.GeneralTests" time="0.0"/>
  <testcase name="TestFoodStackPeekStackCatchIndexOutOfBounds" classname="testing.GeneralTests" time="0.001"/>
  <testcase name="TestSetAndGetMode" classname="testing.GeneralTests" time="0.001"/>
  <testcase name="TestCookRotate90C" classname="testing.GeneralTests" time="0.0"/>
  <testcase name="testSetDestination" classname="testing.GeneralTests" time="0.0"/>
  <testcase name="TestGetBlocked" classname="testing.GeneralTests" time="0.001"/>
  <testcase name="testCustomerMoveLeftDown" classname="testing.GeneralTests" time="0.0"/>
  <testcase name="TestSetDir" classname="testing.GeneralTests" time="0.0"/>
  <testcase name="testDecreasePatience" classname="testing.GeneralTests" time="0.0"/>
  <testcase name="TestAddCustomerCustomerPresent" classname="testing.GeneralTests" time="0.001"/>
  <testcase name="TestRemoveCustomer" classname="testing.GeneralTests" time="0.0"/>
  <testcase name="TestAddCustomerCustomersPresent" classname="testing.GeneralTests" time="0.0"/>
  <testcase name="TestGoldGetInstance" classname="testing.GeneralTests" time="0.0"/>
  <testcase name="testServingStationCustomerInteract" classname="testing.GeneralTests" time="0.001"/>
  <testcase name="TestFoodStackSetStack" classname="testing.GeneralTests" time="0.0"/>
  <testcase name="TestCookSetColour" classname="testing.GeneralTests" time="0.0"/>
  <testcase name="TestCookUpdate" classname="testing.GeneralTests" time="0.0"/>
  <testcase name="testSetStationPosition" classname="testing.GeneralTests" time="0.001"/>
  <testcase name="TestChefFoodRelativeX" classname="testing.GeneralTests" time="0.0"/>
  <testcase name="TestChefFoodRelativeY" classname="testing.GeneralTests" time="0.0"/>
  <testcase name="testSetMapObstacles" classname="testing.GeneralTests" time="0.0"/>
  <testcase name="TestGetInputKey" classname="testing.GeneralTests" time="0.0"/>
  <testcase name="TestFoodStackPopStackCatchIndexOutOfBounds" classname="testing.GeneralTests" time="0.0"/>
  <testcase name="TestGetStationKey" classname="testing.GeneralTests" time="0.0"/>
  <testcase name="TestMaxCustomersReached" classname="testing.GeneralTests" time="0.0"/>
  <testcase name="TestWonScenario" classname="testing.GeneralTests" time="0.0"/>
  <testcase name="TestFoodStackToString" classname="testing.GeneralTests" time="0.0"/>
  <testcase name="TestInitialiseStationCustomerMap" classname="testing.GeneralTests" time="0.0"/>
  <testcase name="testsGetMapStations" classname="testing.GeneralTests" time="0.0"/>
  <testcase name="TestGoldSetandGetBalance" classname="testing.GeneralTests" time="0.0"/>
  <testcase name="TestGetCustomers" classname="testing.GeneralTests" time="0.001"/>
  <testcase name="testUtilClass" classname="testing.GeneralTests" time="0.001"/>
  <testcase name="TestGetInputType" classname="testing.GeneralTests" time="0.0"/>
  <testcase name="TestCookOpposite" classname="testing.GeneralTests" time="0.0"/>
  <testcase name="testCustomerGetX" classname="testing.GeneralTests" time="0.0"/>
  <testcase name="testCustomerGetY" classname="testing.GeneralTests" time="0.001"/>
  <testcase name="TestSetAndGetDifficulty" classname="testing.GeneralTests" time="0.0"/>
  <testcase name="testCustomerGetRequestName" classname="testing.GeneralTests" time="0.0"/>
  <system-out><![CDATA[]]></system-out>
  <system-err><![CDATA[]]></system-err>
</testsuite>
