<?xml version="1.0" encoding="UTF-8"?>
<testsuite name="testing.InteractionTest" tests="59" skipped="0" failures="0" errors="0" timestamp="2023-04-23T15:21:24" hostname="Morgans-MacBook-Pro-2.local" time="0.965">
  <properties/>
  <testcase name="TestAssemblyStationTestMultipleRecipes" classname="testing.InteractionTest" time="0.0"/>
  <testcase name="TestAssemblyStationMakeCheeseBeansPotato" classname="testing.InteractionTest" time="0.001"/>
  <testcase name="PantryTestDough" classname="testing.InteractionTest" time="0.0"/>
  <testcase name="PantryTestOnion" classname="testing.InteractionTest" time="0.0"/>
  <testcase name="TestAssemblyStationTomatoOnionBurger" classname="testing.InteractionTest" time="0.0"/>
  <testcase name="TestAssemblyStationMakeColeslawPotato" classname="testing.InteractionTest" time="0.0"/>
  <testcase name="TestFailCaseChoppingBakedItem" classname="testing.InteractionTest" time="0.0"/>
  <testcase name="TestBakingStationPotatoToBakedPotato" classname="testing.InteractionTest" time="0.001"/>
  <testcase name="TestAssemblyStationMakeBeansPotato" classname="testing.InteractionTest" time="0.0"/>
  <testcase name="TestAssemblyStationMakeOnionPizza" classname="testing.InteractionTest" time="0.0"/>
  <testcase name="TestAssemblyStationMakeOnionSalad" classname="testing.InteractionTest" time="0.001"/>
  <testcase name="TestPreparationStationAddsResultBackWhenFinishedUse" classname="testing.InteractionTest" time="0.0"/>
  <testcase name="TestAssemblyStationMakeTomatoSalad" classname="testing.InteractionTest" time="0.0"/>
  <testcase name="PantryTestLettuce" classname="testing.InteractionTest" time="0.001"/>
  <testcase name="TestFailCaseBakingChoppedItem" classname="testing.InteractionTest" time="0.0"/>
  <testcase name="TestFailCaseChoppingChoppedItem" classname="testing.InteractionTest" time="0.001"/>
  <testcase name="TestAssemblyStationOnionBurger" classname="testing.InteractionTest" time="0.001"/>
  <testcase name="TestFailCaseBakingFriedItem" classname="testing.InteractionTest" time="0.0"/>
  <testcase name="TestAssemblyStationHoldsNothing" classname="testing.InteractionTest" time="0.0"/>
  <testcase name="TestPutDownItem" classname="testing.InteractionTest" time="0.001"/>
  <testcase name="TestFailCaseFryingChoppedItem" classname="testing.InteractionTest" time="0.0"/>
  <testcase name="TestPreparationStationCutTomato" classname="testing.InteractionTest" time="0.001"/>
  <testcase name="TestPreparationStationCookMeat" classname="testing.InteractionTest" time="0.001"/>
  <testcase name="TestBinStationWorksWithEmptyStack" classname="testing.InteractionTest" time="0.0"/>
  <testcase name="TestAssemblyStationMakePlainPizza" classname="testing.InteractionTest" time="0.0"/>
  <testcase name="TestAssemblyStationMakePlainSalad" classname="testing.InteractionTest" time="0.0"/>
  <testcase name="TestAssemblyStationWrongRecipe" classname="testing.InteractionTest" time="0.0"/>
  <testcase name="TestFailCaseBakingBakedItem" classname="testing.InteractionTest" time="0.0"/>
  <testcase name="TestAssemblyStationLettuceTomatoOnionBurger" classname="testing.InteractionTest" time="0.001"/>
  <testcase name="TestAssemblyStationMakeCheesePotato" classname="testing.InteractionTest" time="0.0"/>
  <testcase name="TestAssemblyStationMakeOnionTomatoSalad" classname="testing.InteractionTest" time="0.0"/>
  <testcase name="TestUsePantryandLettuceChop" classname="testing.InteractionTest" time="0.001"/>
  <testcase name="TestPickUpItem" classname="testing.InteractionTest" time="0.001"/>
  <testcase name="TestAssemblyStationLettuceTomatoBurger" classname="testing.InteractionTest" time="0.001"/>
  <testcase name="TestAssemblyStationMakeBeansColeslawPotato" classname="testing.InteractionTest" time="0.0"/>
  <testcase name="TestAssemblyStationMakeBeansColeslawCheesePotato" classname="testing.InteractionTest" time="0.0"/>
  <testcase name="TestPreparationStationCutLettuce" classname="testing.InteractionTest" time="0.0"/>
  <testcase name="TestPreparationStationCutOnion" classname="testing.InteractionTest" time="0.0"/>
  <testcase name="TestCounterCanHoldMultiple" classname="testing.InteractionTest" time="0.004"/>
  <testcase name="TestFailCaseFryingFriedItem" classname="testing.InteractionTest" time="0.001"/>
  <testcase name="PantryTestBun" classname="testing.InteractionTest" time="0.0"/>
  <testcase name="PantryTestPotato" classname="testing.InteractionTest" time="0.0"/>
  <testcase name="PantryTestTomato" classname="testing.InteractionTest" time="0.001"/>
  <testcase name="PantryTestMeat" classname="testing.InteractionTest" time="0.001"/>
  <testcase name="TestStackOnPreparationStation" classname="testing.InteractionTest" time="0.0"/>
  <testcase name="TestPlayerItemStack" classname="testing.InteractionTest" time="0.0"/>
  <testcase name="TestAssemblyStationLettuceBurger" classname="testing.InteractionTest" time="0.0"/>
  <testcase name="TestBinStationGetsRidOfItem" classname="testing.InteractionTest" time="0.0"/>
  <testcase name="TestBinStationWorksWithEmptyFoodStackButHaveADishStack" classname="testing.InteractionTest" time="0.0"/>
  <testcase name="TestBakingStationDoughtoDoughCook" classname="testing.InteractionTest" time="0.0"/>
  <testcase name="TestAssemblyStationHoldsFood" classname="testing.InteractionTest" time="0.0"/>
  <testcase name="TestAssemblyStationMakePepperoniPizza" classname="testing.InteractionTest" time="0.0"/>
  <testcase name="TestAssemblyStationTomatoBurger" classname="testing.InteractionTest" time="0.0"/>
  <testcase name="TestAssemblyStationPlainBurger" classname="testing.InteractionTest" time="0.001"/>
  <testcase name="TestAssemblyStationMakePlainPotato" classname="testing.InteractionTest" time="0.0"/>
  <testcase name="TestFailCaseChoppingFriedItem" classname="testing.InteractionTest" time="0.001"/>
  <testcase name="TestPreparationStationSetsStatetoFinished" classname="testing.InteractionTest" time="0.0"/>
  <testcase name="TestFailCaseFryingBakedItem" classname="testing.InteractionTest" time="0.0"/>
  <testcase name="TestAssemblyStationLettuceOnionBurger" classname="testing.InteractionTest" time="0.0"/>
  <system-out><![CDATA[dough
peek
onion
peek
peek
peek
peek
peek
peek
peek
peek
peek
lettuce
peek
peek
peek
peek
peek
peek
peek
peek
peek
peek
peek
peek
peek
peek
peek
peek
peek
peek
peek
peek
peek
peek
peek
peek
peek
peek
peek
peek
lettuceChop
peek
peek
peek
peek
peek
peek
peek
Im interacting with a counter
187.5
150.0
20.0
20.0
Im interacting with a counter
187.5
150.0
20.0
20.0
Im interacting with a counter
187.5
150.0
20.0
20.0
peek
peek
bun
peek
potato
peek
tomato
peek
meat
peek
peek
peek
peek
peek
peek
peek
peek
peek
peek
peek
peek
peek
peek
peek
]]></system-out>
  <system-err><![CDATA[]]></system-err>
</testsuite>
