<?xml version="1.0" encoding="UTF-8"?>
<testsuite name="testing.InteractionTest" tests="37" skipped="0" failures="0" errors="0" timestamp="2023-04-06T16:31:16" hostname="DESKTOP-8SNM91F" time="0.697">
  <properties/>
  <testcase name="PantryTestDough" classname="testing.InteractionTest" time="0.079"/>
  <testcase name="PantryTestOnion" classname="testing.InteractionTest" time="0.0"/>
  <testcase name="TestServingStationGetAndSetCustomer" classname="testing.InteractionTest" time="0.005"/>
  <testcase name="TestHoldItems" classname="testing.InteractionTest" time="0.0"/>
  <testcase name="TestFailCaseChoppingBakedItem" classname="testing.InteractionTest" time="0.004"/>
  <testcase name="TestBakingStationPotatoToBakedPotato" classname="testing.InteractionTest" time="0.001"/>
  <testcase name="PantryTestTopBunThenBottom" classname="testing.InteractionTest" time="0.0"/>
  <testcase name="TestPreparationStationAddsResultBackWhenFinishedUse" classname="testing.InteractionTest" time="0.001"/>
  <testcase name="PantryTestLettuce" classname="testing.InteractionTest" time="0.001"/>
  <testcase name="TestFailCaseBakingChoppedItem" classname="testing.InteractionTest" time="0.0"/>
  <testcase name="TestFailCaseChoppingChoppedItem" classname="testing.InteractionTest" time="0.001"/>
  <testcase name="PantryTestbottomBun" classname="testing.InteractionTest" time="0.0"/>
  <testcase name="TestPutDownItem" classname="testing.InteractionTest" time="0.001"/>
  <testcase name="TestFailCaseFryingChoppedItem" classname="testing.InteractionTest" time="0.001"/>
  <testcase name="TestPreparationStationCutTomato" classname="testing.InteractionTest" time="0.001"/>
  <testcase name="TestPreparationStationCookMeat" classname="testing.InteractionTest" time="0.002"/>
  <testcase name="TestFailCaseBakingBakedItem" classname="testing.InteractionTest" time="0.001"/>
  <testcase name="TestFailCaseFryingCookedItem" classname="testing.InteractionTest" time="0.001"/>
  <testcase name="TestUsePantryandLettuceChop" classname="testing.InteractionTest" time="0.001"/>
  <testcase name="TestPickUpItem" classname="testing.InteractionTest" time="0.001"/>
  <testcase name="TestGetInputKey" classname="testing.InteractionTest" time="0.001"/>
  <testcase name="TestPreparationStationCutLettuce" classname="testing.InteractionTest" time="0.0"/>
  <testcase name="TestPreparationStationCutOnion" classname="testing.InteractionTest" time="0.0"/>
  <testcase name="TestFailCaseBakingCookedItem" classname="testing.InteractionTest" time="0.001"/>
  <testcase name="TestCounterCanHoldMultiple" classname="testing.InteractionTest" time="0.012"/>
  <testcase name="PantryTestPotato" classname="testing.InteractionTest" time="0.001"/>
  <testcase name="PantryTestTomato" classname="testing.InteractionTest" time="0.0"/>
  <testcase name="PantryTestTopBun" classname="testing.InteractionTest" time="0.0"/>
  <testcase name="PantryTestMeat" classname="testing.InteractionTest" time="0.0"/>
  <testcase name="TestStackOnPreparationStation" classname="testing.InteractionTest" time="0.001"/>
  <testcase name="TestPlayerItemStack" classname="testing.InteractionTest" time="0.0"/>
  <testcase name="TestFailCaseChoppingCookedItem" classname="testing.InteractionTest" time="0.0"/>
  <testcase name="TestBinStationGetsRidOfItem" classname="testing.InteractionTest" time="0.001"/>
  <testcase name="TestBakingStationDoughtoDoughCook" classname="testing.InteractionTest" time="0.001"/>
  <testcase name="TestGetInputType" classname="testing.InteractionTest" time="0.001"/>
  <testcase name="TestPreparationStationSetsStatetoFinished" classname="testing.InteractionTest" time="0.0"/>
  <testcase name="TestFailCaseFryingBakedItem" classname="testing.InteractionTest" time="0.0"/>
  <system-out><![CDATA[Im interacting with a counter
187.5
150.0
20.0
20.0
Im interacting with a counter
187.5
150.0
20.0
20.0
Im interacting with a counter
187.5
150.0
20.0
20.0
]]></system-out>
  <system-err><![CDATA[]]></system-err>
</testsuite>
